{"C:\\Users\\UHF-GINA-TRACKING\\Desktop\\Microverse projects\\To-do-list\\src\\addDataTolist.js": {"path":"C:\\Users\\UHF-GINA-TRACKING\\Desktop\\Microverse projects\\To-do-list\\src\\addDataTolist.js","statementMap":{"0":{"start":{"line":6,"column":2},"end":{"line":10,"column":5}}},"fnMap":{"0":{"name":"(anonymous_0)","decl":{"start":{"line":5,"column":15},"end":{"line":5,"column":16}},"loc":{"start":{"line":5,"column":31},"end":{"line":13,"column":1}},"line":5}},"branchMap":{},"s":{"0":1},"f":{"0":1},"b":{},"_coverageSchema":"1a1c01bbd47fc00a2c39e90264f33305004495a9","hash":"16733b31ba90c0a5ab3bdd5f8048d3f1785798be"}
}
